<?xml version="1.0" encoding="UTF-8"?>
<coverage generated="1752334596754" clover="3.2.0">
  <project timestamp="1752334596754" name="All files">
    <metrics statements="31" coveredstatements="31" conditionals="15" coveredconditionals="15" methods="5" coveredmethods="5" elements="51" coveredelements="51" complexity="0" loc="31" ncloc="31" packages="1" files="1" classes="1"/>
    <file name="Library.js" path="/Users/habs/oop/library-management-system/Library.js">
      <metrics statements="31" coveredstatements="31" conditionals="15" coveredconditionals="15" methods="5" coveredmethods="5"/>
      <line num="1" count="1" type="stmt"/>
      <line num="3" count="56" type="stmt"/>
      <line num="4" count="56" type="stmt"/>
      <line num="6" count="56" type="cond" truecount="5" falsecount="0"/>
      <line num="7" count="3" type="stmt"/>
      <line num="10" count="53" type="cond" truecount="6" falsecount="0"/>
      <line num="11" count="3" type="stmt"/>
      <line num="14" count="50" type="stmt"/>
      <line num="15" count="25" type="cond" truecount="2" falsecount="0"/>
      <line num="16" count="1" type="stmt"/>
      <line num="20" count="49" type="stmt"/>
      <line num="22" count="49" type="stmt"/>
      <line num="26" count="1" type="stmt"/>
      <line num="28" count="5" type="stmt"/>
      <line num="37" count="46" type="cond" truecount="2" falsecount="0"/>
      <line num="38" count="3" type="stmt"/>
      <line num="41" count="43" type="stmt"/>
      <line num="42" count="43" type="stmt"/>
      <line num="43" count="43" type="stmt"/>
      <line num="50" count="2" type="stmt"/>
      <line num="51" count="2" type="stmt"/>
      <line num="52" count="2" type="stmt"/>
      <line num="53" count="2" type="stmt"/>
      <line num="54" count="2" type="stmt"/>
      <line num="56" count="2" type="stmt"/>
      <line num="60" count="1" type="stmt"/>
      <line num="61" count="1" type="stmt"/>
      <line num="62" count="1" type="stmt"/>
      <line num="69" count="1" type="stmt"/>
      <line num="71" count="1" type="stmt"/>
      <line num="74" count="1" type="stmt"/>
    </file>
  </project>
</coverage>
