TN:
SF:Library.js
FN:1,(anonymous_0)
FN:14,(anonymous_1)
FN:26,(anonymous_2)
FN:35,Library
FN:48,Book
FNF:5
FNH:5
FNDA:56,(anonymous_0)
FNDA:25,(anonymous_1)
FNDA:5,(anonymous_2)
FNDA:46,Library
FNDA:2,Book
DA:1,1
DA:3,56
DA:4,56
DA:6,56
DA:7,3
DA:10,53
DA:11,3
DA:14,50
DA:15,25
DA:16,1
DA:20,49
DA:22,49
DA:26,1
DA:28,5
DA:37,46
DA:38,3
DA:41,43
DA:42,43
DA:43,43
DA:50,2
DA:51,2
DA:52,2
DA:53,2
DA:54,2
DA:56,2
DA:60,1
DA:61,1
DA:62,1
DA:69,1
DA:71,1
DA:74,1
LF:31
LH:31
BRDA:6,0,0,3
BRDA:6,0,1,53
BRDA:6,1,0,56
BRDA:6,1,1,55
BRDA:6,1,2,54
BRDA:10,2,0,3
BRDA:10,2,1,50
BRDA:10,3,0,53
BRDA:10,3,1,52
BRDA:10,3,2,51
BRDA:10,3,3,50
BRDA:15,4,0,1
BRDA:15,4,1,24
BRDA:37,5,0,3
BRDA:37,5,1,43
BRF:15
BRH:15
end_of_record
